<?xml version="1.0" encoding="utf-8"?>
<coverage line-rate="0.7781" branch-rate="0.625" version="1.9" timestamp="1749773043" lines-covered="249" lines-valid="320" branches-covered="25" branches-valid="40">
  <sources>
    <source>C:\Users\Administrator\Desktop\ga\proyecto-si784-2025-i-u2-scae-upt\WebApp\pyWeb_ScaeUPT\</source>
  </sources>
  <packages>
    <package name="pyWeb_ScaeUPT" line-rate="0.7781" branch-rate="0.625" complexity="72">
      <classes>
        <class name="Program" filename="Program.cs" line-rate="0.9309999999999999" branch-rate="0.5" complexity="2">
          <methods>
            <method name="&lt;Main&gt;$" signature="(System.String[])" line-rate="0.9309999999999999" branch-rate="0.5" complexity="2">
              <lines>
                <line number="7" hits="5" branch="False" />
                <line number="9" hits="5" branch="False" />
                <line number="11" hits="5" branch="False" />
                <line number="12" hits="5" branch="False" />
                <line number="14" hits="5" branch="False" />
                <line number="17" hits="5" branch="False" />
                <line number="18" hits="5" branch="False" />
                <line number="19" hits="5" branch="False" />
                <line number="20" hits="10" branch="False" />
                <line number="21" hits="10" branch="False" />
                <line number="22" hits="10" branch="False" />
                <line number="23" hits="10" branch="False" />
                <line number="24" hits="10" branch="False" />
                <line number="26" hits="5" branch="False" />
                <line number="28" hits="5" branch="False" />
                <line number="38" hits="5" branch="False" />
                <line number="39" hits="5" branch="False" />
                <line number="40" hits="5" branch="False" />
                <line number="41" hits="5" branch="False" />
                <line number="42" hits="5" branch="False" />
                <line number="46" hits="5" branch="False" />
                <line number="47" hits="5" branch="False" />
                <line number="48" hits="5" branch="False" />
                <line number="51" hits="5" branch="False" />
                <line number="52" hits="5" branch="False" />
                <line number="53" hits="5" branch="False" />
                <line number="54" hits="5" branch="False" />
                <line number="55" hits="5" branch="False" />
                <line number="56" hits="5" branch="False" />
                <line number="57" hits="5" branch="False" />
                <line number="58" hits="5" branch="False" />
                <line number="59" hits="5" branch="False" />
                <line number="60" hits="5" branch="False" />
                <line number="61" hits="5" branch="False" />
                <line number="62" hits="5" branch="False" />
                <line number="63" hits="5" branch="False" />
                <line number="64" hits="5" branch="False" />
                <line number="65" hits="5" branch="False" />
                <line number="66" hits="5" branch="False" />
                <line number="67" hits="5" branch="False" />
                <line number="68" hits="5" branch="False" />
                <line number="69" hits="5" branch="False" />
                <line number="72" hits="5" branch="False" />
                <line number="74" hits="5" branch="False" />
                <line number="77" hits="5" branch="True" condition-coverage="50% (1/2)">
                  <conditions>
                    <condition number="369" type="jump" coverage="50%" />
                  </conditions>
                </line>
                <line number="78" hits="0" branch="False" />
                <line number="79" hits="0" branch="False" />
                <line number="80" hits="0" branch="False" />
                <line number="81" hits="0" branch="False" />
                <line number="83" hits="5" branch="False" />
                <line number="84" hits="5" branch="False" />
                <line number="85" hits="5" branch="False" />
                <line number="87" hits="5" branch="False" />
                <line number="89" hits="5" branch="False" />
                <line number="90" hits="5" branch="False" />
                <line number="92" hits="5" branch="False" />
                <line number="93" hits="5" branch="False" />
                <line number="95" hits="5" branch="False" />
              </lines>
            </method>
          </methods>
          <lines>
            <line number="7" hits="5" branch="False" />
            <line number="9" hits="5" branch="False" />
            <line number="11" hits="5" branch="False" />
            <line number="12" hits="5" branch="False" />
            <line number="14" hits="5" branch="False" />
            <line number="17" hits="5" branch="False" />
            <line number="18" hits="5" branch="False" />
            <line number="19" hits="5" branch="False" />
            <line number="20" hits="10" branch="False" />
            <line number="21" hits="10" branch="False" />
            <line number="22" hits="10" branch="False" />
            <line number="23" hits="10" branch="False" />
            <line number="24" hits="10" branch="False" />
            <line number="26" hits="5" branch="False" />
            <line number="28" hits="5" branch="False" />
            <line number="38" hits="5" branch="False" />
            <line number="39" hits="5" branch="False" />
            <line number="40" hits="5" branch="False" />
            <line number="41" hits="5" branch="False" />
            <line number="42" hits="5" branch="False" />
            <line number="46" hits="5" branch="False" />
            <line number="47" hits="5" branch="False" />
            <line number="48" hits="5" branch="False" />
            <line number="51" hits="5" branch="False" />
            <line number="52" hits="5" branch="False" />
            <line number="53" hits="5" branch="False" />
            <line number="54" hits="5" branch="False" />
            <line number="55" hits="5" branch="False" />
            <line number="56" hits="5" branch="False" />
            <line number="57" hits="5" branch="False" />
            <line number="58" hits="5" branch="False" />
            <line number="59" hits="5" branch="False" />
            <line number="60" hits="5" branch="False" />
            <line number="61" hits="5" branch="False" />
            <line number="62" hits="5" branch="False" />
            <line number="63" hits="5" branch="False" />
            <line number="64" hits="5" branch="False" />
            <line number="65" hits="5" branch="False" />
            <line number="66" hits="5" branch="False" />
            <line number="67" hits="5" branch="False" />
            <line number="68" hits="5" branch="False" />
            <line number="69" hits="5" branch="False" />
            <line number="72" hits="5" branch="False" />
            <line number="74" hits="5" branch="False" />
            <line number="77" hits="5" branch="True" condition-coverage="50% (1/2)">
              <conditions>
                <condition number="369" type="jump" coverage="50%" />
              </conditions>
            </line>
            <line number="78" hits="0" branch="False" />
            <line number="79" hits="0" branch="False" />
            <line number="80" hits="0" branch="False" />
            <line number="81" hits="0" branch="False" />
            <line number="83" hits="5" branch="False" />
            <line number="84" hits="5" branch="False" />
            <line number="85" hits="5" branch="False" />
            <line number="87" hits="5" branch="False" />
            <line number="89" hits="5" branch="False" />
            <line number="90" hits="5" branch="False" />
            <line number="92" hits="5" branch="False" />
            <line number="93" hits="5" branch="False" />
            <line number="95" hits="5" branch="False" />
          </lines>
        </class>
        <class name="pyWeb_ScaeUPT.Models.estudianteModel" filename="Models\estudianteModel.cs" line-rate="1" branch-rate="1" complexity="5">
          <methods>
            <method name="get_Id_Estudiante" signature="()" line-rate="1" branch-rate="1" complexity="1">
              <lines>
                <line number="9" hits="22" branch="False" />
              </lines>
            </method>
            <method name="get_Id_Persona" signature="()" line-rate="1" branch-rate="1" complexity="1">
              <lines>
                <line number="10" hits="21" branch="False" />
              </lines>
            </method>
            <method name="get_Matricula" signature="()" line-rate="1" branch-rate="1" complexity="1">
              <lines>
                <line number="11" hits="22" branch="False" />
              </lines>
            </method>
            <method name="get_Semestre" signature="()" line-rate="1" branch-rate="1" complexity="1">
              <lines>
                <line number="12" hits="19" branch="False" />
              </lines>
            </method>
            <method name="get_Correo" signature="()" line-rate="1" branch-rate="1" complexity="1">
              <lines>
                <line number="13" hits="20" branch="False" />
              </lines>
            </method>
          </methods>
          <lines>
            <line number="9" hits="22" branch="False" />
            <line number="10" hits="21" branch="False" />
            <line number="11" hits="22" branch="False" />
            <line number="12" hits="19" branch="False" />
            <line number="13" hits="20" branch="False" />
          </lines>
        </class>
        <class name="pyWeb_ScaeUPT.Models.tokenModel" filename="Models\tokenModel.cs" line-rate="1" branch-rate="1" complexity="3">
          <methods>
            <method name="get_Id_codigoqr" signature="()" line-rate="1" branch-rate="1" complexity="1">
              <lines>
                <line number="11" hits="8" branch="False" />
              </lines>
            </method>
            <method name="get_DNI_token" signature="()" line-rate="1" branch-rate="1" complexity="1">
              <lines>
                <line number="12" hits="11" branch="False" />
              </lines>
            </method>
            <method name="get_Token" signature="()" line-rate="1" branch-rate="1" complexity="1">
              <lines>
                <line number="13" hits="11" branch="False" />
              </lines>
            </method>
          </methods>
          <lines>
            <line number="11" hits="8" branch="False" />
            <line number="12" hits="11" branch="False" />
            <line number="13" hits="11" branch="False" />
          </lines>
        </class>
        <class name="pyWeb_ScaeUPT.Data.ApplicationDbContext" filename="Data\ApplicationDbContext.cs" line-rate="1" branch-rate="1" complexity="3">
          <methods>
            <method name="get_estudiante" signature="()" line-rate="1" branch-rate="1" complexity="1">
              <lines>
                <line number="14" hits="49" branch="False" />
              </lines>
            </method>
            <method name="get_token" signature="()" line-rate="1" branch-rate="1" complexity="1">
              <lines>
                <line number="15" hits="36" branch="False" />
              </lines>
            </method>
            <method name=".ctor" signature="(Microsoft.EntityFrameworkCore.DbContextOptions`1&lt;pyWeb_ScaeUPT.Data.ApplicationDbContext&gt;)" line-rate="1" branch-rate="1" complexity="1">
              <lines>
                <line number="10" hits="17" branch="False" />
                <line number="11" hits="17" branch="False" />
                <line number="12" hits="17" branch="False" />
              </lines>
            </method>
          </methods>
          <lines>
            <line number="14" hits="49" branch="False" />
            <line number="15" hits="36" branch="False" />
            <line number="10" hits="17" branch="False" />
            <line number="11" hits="17" branch="False" />
            <line number="12" hits="17" branch="False" />
          </lines>
        </class>
        <class name="pyWeb_ScaeUPT.Controllers.AuthController" filename="Controllers\AuthController.cs" line-rate="1" branch-rate="0.5" complexity="8">
          <methods>
            <method name="ValidateToken" signature="()" line-rate="1" branch-rate="1" complexity="1">
              <lines>
                <line number="85" hits="1" branch="False" />
                <line number="88" hits="1" branch="False" />
                <line number="89" hits="1" branch="False" />
              </lines>
            </method>
            <method name="GenerarJWT" signature="(pyWeb_ScaeUPT.Models.estudianteModel)" line-rate="1" branch-rate="0.5" complexity="6">
              <lines>
                <line number="141" hits="1" branch="False" />
                <line number="142" hits="1" branch="True" condition-coverage="50% (1/2)">
                  <conditions>
                    <condition number="23" type="jump" coverage="50%" />
                  </conditions>
                </line>
                <line number="143" hits="1" branch="False" />
                <line number="144" hits="1" branch="False" />
                <line number="146" hits="1" branch="False" />
                <line number="147" hits="1" branch="False" />
                <line number="148" hits="1" branch="False" />
                <line number="149" hits="1" branch="False" />
                <line number="150" hits="1" branch="False" />
                <line number="151" hits="1" branch="False" />
                <line number="153" hits="1" branch="True" condition-coverage="50% (2/4)">
                  <conditions>
                    <condition number="163" type="jump" coverage="50%" />
                    <condition number="188" type="jump" coverage="50%" />
                  </conditions>
                </line>
                <line number="154" hits="1" branch="False" />
                <line number="155" hits="1" branch="False" />
                <line number="156" hits="1" branch="False" />
                <line number="157" hits="1" branch="False" />
                <line number="158" hits="1" branch="False" />
                <line number="160" hits="1" branch="False" />
                <line number="161" hits="1" branch="False" />
              </lines>
            </method>
            <method name=".ctor" signature="(Microsoft.Extensions.Configuration.IConfiguration,pyWeb_ScaeUPT.Data.ApplicationDbContext,Microsoft.Extensions.Logging.ILogger`1&lt;pyWeb_ScaeUPT.Controllers.AuthController&gt;,System.Net.Http.IHttpClientFactory)" line-rate="1" branch-rate="1" complexity="1">
              <lines>
                <line number="24" hits="4" branch="False" />
                <line number="25" hits="4" branch="False" />
                <line number="26" hits="4" branch="False" />
                <line number="27" hits="4" branch="False" />
                <line number="28" hits="4" branch="False" />
                <line number="29" hits="4" branch="False" />
                <line number="30" hits="4" branch="False" />
                <line number="31" hits="4" branch="False" />
              </lines>
            </method>
          </methods>
          <lines>
            <line number="85" hits="1" branch="False" />
            <line number="88" hits="1" branch="False" />
            <line number="89" hits="1" branch="False" />
            <line number="141" hits="1" branch="False" />
            <line number="142" hits="1" branch="True" condition-coverage="50% (1/2)">
              <conditions>
                <condition number="23" type="jump" coverage="50%" />
              </conditions>
            </line>
            <line number="143" hits="1" branch="False" />
            <line number="144" hits="1" branch="False" />
            <line number="146" hits="1" branch="False" />
            <line number="147" hits="1" branch="False" />
            <line number="148" hits="1" branch="False" />
            <line number="149" hits="1" branch="False" />
            <line number="150" hits="1" branch="False" />
            <line number="151" hits="1" branch="False" />
            <line number="153" hits="1" branch="True" condition-coverage="50% (2/4)">
              <conditions>
                <condition number="163" type="jump" coverage="50%" />
                <condition number="188" type="jump" coverage="50%" />
              </conditions>
            </line>
            <line number="154" hits="1" branch="False" />
            <line number="155" hits="1" branch="False" />
            <line number="156" hits="1" branch="False" />
            <line number="157" hits="1" branch="False" />
            <line number="158" hits="1" branch="False" />
            <line number="160" hits="1" branch="False" />
            <line number="161" hits="1" branch="False" />
            <line number="24" hits="4" branch="False" />
            <line number="25" hits="4" branch="False" />
            <line number="26" hits="4" branch="False" />
            <line number="27" hits="4" branch="False" />
            <line number="28" hits="4" branch="False" />
            <line number="29" hits="4" branch="False" />
            <line number="30" hits="4" branch="False" />
            <line number="31" hits="4" branch="False" />
          </lines>
        </class>
        <class name="pyWeb_ScaeUPT.Controllers.AuthController/&lt;BuscarEstudiante&gt;d__8" filename="Controllers\AuthController.cs" line-rate="1" branch-rate="1" complexity="1">
          <methods>
            <method name="MoveNext" signature="()" line-rate="1" branch-rate="1" complexity="1">
              <lines>
                <line number="132" hits="1" branch="False" />
                <line number="134" hits="1" branch="False" />
                <line number="135" hits="1" branch="False" />
                <line number="137" hits="1" branch="False" />
                <line number="138" hits="1" branch="False" />
              </lines>
            </method>
          </methods>
          <lines>
            <line number="132" hits="1" branch="False" />
            <line number="134" hits="1" branch="False" />
            <line number="135" hits="1" branch="False" />
            <line number="137" hits="1" branch="False" />
            <line number="138" hits="1" branch="False" />
          </lines>
        </class>
        <class name="pyWeb_ScaeUPT.Controllers.AuthController/&lt;Google&gt;d__5" filename="Controllers\AuthController.cs" line-rate="0.8064" branch-rate="0.8332999999999999" complexity="6">
          <methods>
            <method name="MoveNext" signature="()" line-rate="0.8064" branch-rate="0.8332999999999999" complexity="6">
              <lines>
                <line number="35" hits="3" branch="False" />
                <line number="37" hits="3" branch="False" />
                <line number="38" hits="3" branch="False" />
                <line number="41" hits="3" branch="False" />
                <line number="42" hits="3" branch="True" condition-coverage="100% (2/2)">
                  <conditions>
                    <condition number="228" type="jump" coverage="100%" />
                  </conditions>
                </line>
                <line number="43" hits="1" branch="False" />
                <line number="44" hits="1" branch="False" />
                <line number="48" hits="2" branch="True" condition-coverage="100% (2/2)">
                  <conditions>
                    <condition number="286" type="jump" coverage="100%" />
                  </conditions>
                </line>
                <line number="49" hits="1" branch="False" />
                <line number="50" hits="1" branch="False" />
                <line number="54" hits="1" branch="False" />
                <line number="56" hits="1" branch="True" condition-coverage="50% (1/2)">
                  <conditions>
                    <condition number="463" type="jump" coverage="50%" />
                  </conditions>
                </line>
                <line number="57" hits="0" branch="False" />
                <line number="58" hits="0" branch="False" />
                <line number="62" hits="1" branch="False" />
                <line number="64" hits="1" branch="False" />
                <line number="65" hits="1" branch="False" />
                <line number="66" hits="1" branch="False" />
                <line number="67" hits="1" branch="False" />
                <line number="68" hits="1" branch="False" />
                <line number="69" hits="1" branch="False" />
                <line number="70" hits="1" branch="False" />
                <line number="71" hits="1" branch="False" />
                <line number="72" hits="1" branch="False" />
                <line number="73" hits="1" branch="False" />
                <line number="74" hits="1" branch="False" />
                <line number="76" hits="0" branch="False" />
                <line number="77" hits="0" branch="False" />
                <line number="78" hits="0" branch="False" />
                <line number="79" hits="0" branch="False" />
                <line number="81" hits="3" branch="False" />
              </lines>
            </method>
          </methods>
          <lines>
            <line number="35" hits="3" branch="False" />
            <line number="37" hits="3" branch="False" />
            <line number="38" hits="3" branch="False" />
            <line number="41" hits="3" branch="False" />
            <line number="42" hits="3" branch="True" condition-coverage="100% (2/2)">
              <conditions>
                <condition number="228" type="jump" coverage="100%" />
              </conditions>
            </line>
            <line number="43" hits="1" branch="False" />
            <line number="44" hits="1" branch="False" />
            <line number="48" hits="2" branch="True" condition-coverage="100% (2/2)">
              <conditions>
                <condition number="286" type="jump" coverage="100%" />
              </conditions>
            </line>
            <line number="49" hits="1" branch="False" />
            <line number="50" hits="1" branch="False" />
            <line number="54" hits="1" branch="False" />
            <line number="56" hits="1" branch="True" condition-coverage="50% (1/2)">
              <conditions>
                <condition number="463" type="jump" coverage="50%" />
              </conditions>
            </line>
            <line number="57" hits="0" branch="False" />
            <line number="58" hits="0" branch="False" />
            <line number="62" hits="1" branch="False" />
            <line number="64" hits="1" branch="False" />
            <line number="65" hits="1" branch="False" />
            <line number="66" hits="1" branch="False" />
            <line number="67" hits="1" branch="False" />
            <line number="68" hits="1" branch="False" />
            <line number="69" hits="1" branch="False" />
            <line number="70" hits="1" branch="False" />
            <line number="71" hits="1" branch="False" />
            <line number="72" hits="1" branch="False" />
            <line number="73" hits="1" branch="False" />
            <line number="74" hits="1" branch="False" />
            <line number="76" hits="0" branch="False" />
            <line number="77" hits="0" branch="False" />
            <line number="78" hits="0" branch="False" />
            <line number="79" hits="0" branch="False" />
            <line number="81" hits="3" branch="False" />
          </lines>
        </class>
        <class name="pyWeb_ScaeUPT.Controllers.AuthController/&lt;VerifyGoogleToken&gt;d__7" filename="Controllers\AuthController.cs" line-rate="0.72" branch-rate="0.75" complexity="4">
          <methods>
            <method name="MoveNext" signature="()" line-rate="0.72" branch-rate="0.75" complexity="4">
              <lines>
                <line number="92" hits="3" branch="False" />
                <line number="94" hits="3" branch="False" />
                <line number="96" hits="3" branch="False" />
                <line number="97" hits="3" branch="False" />
                <line number="99" hits="3" branch="True" condition-coverage="100% (2/2)">
                  <conditions>
                    <condition number="200" type="jump" coverage="100%" />
                  </conditions>
                </line>
                <line number="100" hits="1" branch="False" />
                <line number="101" hits="1" branch="False" />
                <line number="102" hits="1" branch="False" />
                <line number="105" hits="2" branch="False" />
                <line number="106" hits="2" branch="False" />
                <line number="108" hits="2" branch="False" />
                <line number="109" hits="2" branch="False" />
                <line number="110" hits="2" branch="False" />
                <line number="111" hits="2" branch="False" />
                <line number="113" hits="2" branch="False" />
                <line number="116" hits="2" branch="True" condition-coverage="50% (1/2)">
                  <conditions>
                    <condition number="535" type="jump" coverage="50%" />
                  </conditions>
                </line>
                <line number="117" hits="0" branch="False" />
                <line number="118" hits="0" branch="False" />
                <line number="119" hits="0" branch="False" />
                <line number="122" hits="2" branch="False" />
                <line number="124" hits="0" branch="False" />
                <line number="125" hits="0" branch="False" />
                <line number="126" hits="0" branch="False" />
                <line number="127" hits="0" branch="False" />
                <line number="129" hits="3" branch="False" />
              </lines>
            </method>
          </methods>
          <lines>
            <line number="92" hits="3" branch="False" />
            <line number="94" hits="3" branch="False" />
            <line number="96" hits="3" branch="False" />
            <line number="97" hits="3" branch="False" />
            <line number="99" hits="3" branch="True" condition-coverage="100% (2/2)">
              <conditions>
                <condition number="200" type="jump" coverage="100%" />
              </conditions>
            </line>
            <line number="100" hits="1" branch="False" />
            <line number="101" hits="1" branch="False" />
            <line number="102" hits="1" branch="False" />
            <line number="105" hits="2" branch="False" />
            <line number="106" hits="2" branch="False" />
            <line number="108" hits="2" branch="False" />
            <line number="109" hits="2" branch="False" />
            <line number="110" hits="2" branch="False" />
            <line number="111" hits="2" branch="False" />
            <line number="113" hits="2" branch="False" />
            <line number="116" hits="2" branch="True" condition-coverage="50% (1/2)">
              <conditions>
                <condition number="535" type="jump" coverage="50%" />
              </conditions>
            </line>
            <line number="117" hits="0" branch="False" />
            <line number="118" hits="0" branch="False" />
            <line number="119" hits="0" branch="False" />
            <line number="122" hits="2" branch="False" />
            <line number="124" hits="0" branch="False" />
            <line number="125" hits="0" branch="False" />
            <line number="126" hits="0" branch="False" />
            <line number="127" hits="0" branch="False" />
            <line number="129" hits="3" branch="False" />
          </lines>
        </class>
        <class name="pyWeb_ScaeUPT.Controllers.GoogleAuthRequest" filename="Controllers\AuthController.cs" line-rate="1" branch-rate="1" complexity="1">
          <methods>
            <method name="get_IdToken" signature="()" line-rate="1" branch-rate="1" complexity="1">
              <lines>
                <line number="166" hits="9" branch="False" />
              </lines>
            </method>
          </methods>
          <lines>
            <line number="166" hits="9" branch="False" />
          </lines>
        </class>
        <class name="pyWeb_ScaeUPT.Controllers.GoogleTokenPayload" filename="Controllers\AuthController.cs" line-rate="0.75" branch-rate="1" complexity="12">
          <methods>
            <method name="get_Iss" signature="()" line-rate="1" branch-rate="1" complexity="1">
              <lines>
                <line number="171" hits="2" branch="False" />
              </lines>
            </method>
            <method name="get_Azp" signature="()" line-rate="1" branch-rate="1" complexity="1">
              <lines>
                <line number="172" hits="2" branch="False" />
              </lines>
            </method>
            <method name="get_Aud" signature="()" line-rate="1" branch-rate="1" complexity="1">
              <lines>
                <line number="173" hits="4" branch="False" />
              </lines>
            </method>
            <method name="get_Sub" signature="()" line-rate="1" branch-rate="1" complexity="1">
              <lines>
                <line number="174" hits="2" branch="False" />
              </lines>
            </method>
            <method name="get_Email" signature="()" line-rate="1" branch-rate="1" complexity="1">
              <lines>
                <line number="175" hits="6" branch="False" />
              </lines>
            </method>
            <method name="get_EmailVerified" signature="()" line-rate="0" branch-rate="1" complexity="1">
              <lines>
                <line number="176" hits="0" branch="False" />
              </lines>
            </method>
            <method name="get_Name" signature="()" line-rate="1" branch-rate="1" complexity="1">
              <lines>
                <line number="177" hits="3" branch="False" />
              </lines>
            </method>
            <method name="get_Picture" signature="()" line-rate="1" branch-rate="1" complexity="1">
              <lines>
                <line number="178" hits="3" branch="False" />
              </lines>
            </method>
            <method name="get_GivenName" signature="()" line-rate="0" branch-rate="1" complexity="1">
              <lines>
                <line number="179" hits="0" branch="False" />
              </lines>
            </method>
            <method name="get_FamilyName" signature="()" line-rate="0" branch-rate="1" complexity="1">
              <lines>
                <line number="180" hits="0" branch="False" />
              </lines>
            </method>
            <method name="get_Iat" signature="()" line-rate="1" branch-rate="1" complexity="1">
              <lines>
                <line number="181" hits="2" branch="False" />
              </lines>
            </method>
            <method name="get_Exp" signature="()" line-rate="1" branch-rate="1" complexity="1">
              <lines>
                <line number="182" hits="2" branch="False" />
              </lines>
            </method>
          </methods>
          <lines>
            <line number="171" hits="2" branch="False" />
            <line number="172" hits="2" branch="False" />
            <line number="173" hits="4" branch="False" />
            <line number="174" hits="2" branch="False" />
            <line number="175" hits="6" branch="False" />
            <line number="176" hits="0" branch="False" />
            <line number="177" hits="3" branch="False" />
            <line number="178" hits="3" branch="False" />
            <line number="179" hits="0" branch="False" />
            <line number="180" hits="0" branch="False" />
            <line number="181" hits="2" branch="False" />
            <line number="182" hits="2" branch="False" />
          </lines>
        </class>
        <class name="pyWeb_ScaeUPT.Controllers.HomeController" filename="Controllers\HomeController.cs" line-rate="0.6506000000000001" branch-rate="0.5909" complexity="27">
          <methods>
            <method name="Get" signature="()" line-rate="1" branch-rate="1" complexity="1">
              <lines>
                <line number="31" hits="1" branch="False" />
                <line number="32" hits="1" branch="False" />
                <line number="33" hits="1" branch="False" />
              </lines>
            </method>
            <method name="GetEstudiante" signature="(System.Int32)" line-rate="1" branch-rate="1" complexity="2">
              <lines>
                <line number="37" hits="2" branch="False" />
                <line number="38" hits="2" branch="False" />
                <line number="39" hits="3" branch="True" condition-coverage="100% (2/2)">
                  <conditions>
                    <condition number="39" type="jump" coverage="100%" />
                  </conditions>
                </line>
                <line number="40" hits="1" branch="False" />
                <line number="41" hits="2" branch="False" />
              </lines>
            </method>
            <method name="GetUserInfo" signature="()" line-rate="0.8181" branch-rate="0.6" complexity="10">
              <lines>
                <line number="46" hits="2" branch="False" />
                <line number="48" hits="2" branch="False" />
                <line number="50" hits="2" branch="True" condition-coverage="50% (1/2)">
                  <conditions>
                    <condition number="19" type="jump" coverage="50%" />
                  </conditions>
                </line>
                <line number="51" hits="2" branch="True" condition-coverage="75% (3/4)">
                  <conditions>
                    <condition number="37" type="jump" coverage="50%" />
                    <condition number="57" type="jump" coverage="100%" />
                  </conditions>
                </line>
                <line number="52" hits="1" branch="False" />
                <line number="53" hits="1" branch="False" />
                <line number="57" hits="1" branch="False" />
                <line number="58" hits="1" branch="True" condition-coverage="50% (1/2)">
                  <conditions>
                    <condition number="118" type="jump" coverage="50%" />
                  </conditions>
                </line>
                <line number="61" hits="1" branch="True" condition-coverage="50% (1/2)">
                  <conditions>
                    <condition number="152" type="jump" coverage="50%" />
                  </conditions>
                </line>
                <line number="64" hits="1" branch="False" />
                <line number="65" hits="1" branch="False" />
                <line number="66" hits="1" branch="False" />
                <line number="67" hits="1" branch="False" />
                <line number="68" hits="1" branch="False" />
                <line number="69" hits="1" branch="False" />
                <line number="70" hits="1" branch="False" />
                <line number="72" hits="1" branch="False" />
                <line number="74" hits="0" branch="False" />
                <line number="75" hits="0" branch="False" />
                <line number="76" hits="0" branch="False" />
                <line number="77" hits="0" branch="False" />
                <line number="79" hits="2" branch="False" />
              </lines>
            </method>
            <method name="GenerateQR" signature="()" line-rate="0.7631" branch-rate="0.5" complexity="10">
              <lines>
                <line number="84" hits="1" branch="False" />
                <line number="86" hits="1" branch="False" />
                <line number="88" hits="1" branch="True" condition-coverage="50% (1/2)">
                  <conditions>
                    <condition number="25" type="jump" coverage="50%" />
                  </conditions>
                </line>
                <line number="89" hits="1" branch="True" condition-coverage="50% (2/4)">
                  <conditions>
                    <condition number="43" type="jump" coverage="50%" />
                    <condition number="63" type="jump" coverage="50%" />
                  </conditions>
                </line>
                <line number="90" hits="0" branch="False" />
                <line number="91" hits="0" branch="False" />
                <line number="95" hits="1" branch="False" />
                <line number="96" hits="1" branch="True" condition-coverage="50% (1/2)">
                  <conditions>
                    <condition number="124" type="jump" coverage="50%" />
                  </conditions>
                </line>
                <line number="99" hits="1" branch="False" />
                <line number="104" hits="1" branch="False" />
                <line number="105" hits="1" branch="False" />
                <line number="106" hits="1" branch="False" />
                <line number="108" hits="1" branch="False" />
                <line number="111" hits="1" branch="False" />
                <line number="112" hits="1" branch="True" condition-coverage="50% (1/2)">
                  <conditions>
                    <condition number="407" type="jump" coverage="50%" />
                  </conditions>
                </line>
                <line number="113" hits="0" branch="False" />
                <line number="115" hits="0" branch="False" />
                <line number="116" hits="0" branch="False" />
                <line number="118" hits="1" branch="False" />
                <line number="119" hits="1" branch="False" />
                <line number="120" hits="1" branch="False" />
                <line number="121" hits="1" branch="False" />
                <line number="122" hits="1" branch="False" />
                <line number="123" hits="1" branch="False" />
                <line number="124" hits="1" branch="False" />
                <line number="126" hits="1" branch="False" />
                <line number="129" hits="1" branch="False" />
                <line number="131" hits="1" branch="False" />
                <line number="132" hits="1" branch="False" />
                <line number="133" hits="1" branch="False" />
                <line number="134" hits="1" branch="False" />
                <line number="135" hits="1" branch="False" />
                <line number="136" hits="1" branch="False" />
                <line number="138" hits="0" branch="False" />
                <line number="139" hits="0" branch="False" />
                <line number="140" hits="0" branch="False" />
                <line number="141" hits="0" branch="False" />
                <line number="143" hits="1" branch="False" />
              </lines>
            </method>
            <method name="EncryptData" signature="(System.String)" line-rate="0.8571" branch-rate="1" complexity="1">
              <lines>
                <line number="147" hits="1" branch="False" />
                <line number="149" hits="1" branch="False" />
                <line number="151" hits="1" branch="False" />
                <line number="152" hits="1" branch="False" />
                <line number="154" hits="1" branch="False" />
                <line number="155" hits="1" branch="False" />
                <line number="156" hits="1" branch="False" />
                <line number="157" hits="1" branch="False" />
                <line number="158" hits="1" branch="False" />
                <line number="160" hits="1" branch="False" />
                <line number="161" hits="1" branch="False" />
                <line number="164" hits="1" branch="False" />
                <line number="167" hits="1" branch="False" />
                <line number="168" hits="1" branch="False" />
                <line number="169" hits="1" branch="False" />
                <line number="170" hits="1" branch="False" />
                <line number="171" hits="1" branch="False" />
                <line number="172" hits="1" branch="False" />
                <line number="173" hits="1" branch="False" />
                <line number="174" hits="1" branch="False" />
                <line number="175" hits="1" branch="False" />
                <line number="176" hits="1" branch="False" />
                <line number="179" hits="1" branch="False" />
                <line number="181" hits="0" branch="False" />
                <line number="182" hits="0" branch="False" />
                <line number="183" hits="0" branch="False" />
                <line number="184" hits="0" branch="False" />
                <line number="186" hits="1" branch="False" />
              </lines>
            </method>
            <method name="DecryptData" signature="(System.String)" line-rate="0" branch-rate="1" complexity="1">
              <lines>
                <line number="190" hits="0" branch="False" />
                <line number="192" hits="0" branch="False" />
                <line number="193" hits="0" branch="False" />
                <line number="196" hits="0" branch="False" />
                <line number="197" hits="0" branch="False" />
                <line number="199" hits="0" branch="False" />
                <line number="200" hits="0" branch="False" />
                <line number="201" hits="0" branch="False" />
                <line number="202" hits="0" branch="False" />
                <line number="203" hits="0" branch="False" />
                <line number="205" hits="0" branch="False" />
                <line number="206" hits="0" branch="False" />
                <line number="209" hits="0" branch="False" />
                <line number="212" hits="0" branch="False" />
                <line number="213" hits="0" branch="False" />
                <line number="214" hits="0" branch="False" />
                <line number="215" hits="0" branch="False" />
                <line number="216" hits="0" branch="False" />
                <line number="217" hits="0" branch="False" />
                <line number="218" hits="0" branch="False" />
                <line number="219" hits="0" branch="False" />
                <line number="220" hits="0" branch="False" />
                <line number="221" hits="0" branch="False" />
                <line number="222" hits="0" branch="False" />
                <line number="224" hits="0" branch="False" />
                <line number="226" hits="0" branch="False" />
                <line number="227" hits="0" branch="False" />
                <line number="228" hits="0" branch="False" />
                <line number="229" hits="0" branch="False" />
                <line number="231" hits="0" branch="False" />
              </lines>
            </method>
            <method name="GenerateQRCodeBase64" signature="(System.String)" line-rate="0.7142000000000001" branch-rate="1" complexity="1">
              <lines>
                <line number="235" hits="1" branch="False" />
                <line number="237" hits="1" branch="False" />
                <line number="238" hits="1" branch="False" />
                <line number="239" hits="1" branch="False" />
                <line number="240" hits="1" branch="False" />
                <line number="241" hits="1" branch="False" />
                <line number="242" hits="1" branch="False" />
                <line number="243" hits="1" branch="False" />
                <line number="244" hits="1" branch="False" />
                <line number="248" hits="0" branch="False" />
                <line number="249" hits="0" branch="False" />
                <line number="250" hits="0" branch="False" />
                <line number="251" hits="0" branch="False" />
                <line number="253" hits="1" branch="False" />
              </lines>
            </method>
            <method name=".ctor" signature="(Microsoft.Extensions.Logging.ILogger`1&lt;pyWeb_ScaeUPT.Controllers.HomeController&gt;,pyWeb_ScaeUPT.Data.ApplicationDbContext)" line-rate="1" branch-rate="1" complexity="1">
              <lines>
                <line number="21" hits="6" branch="False" />
                <line number="23" hits="6" branch="False" />
                <line number="24" hits="6" branch="False" />
                <line number="25" hits="6" branch="False" />
                <line number="26" hits="6" branch="False" />
                <line number="27" hits="6" branch="False" />
              </lines>
            </method>
          </methods>
          <lines>
            <line number="31" hits="1" branch="False" />
            <line number="32" hits="1" branch="False" />
            <line number="33" hits="1" branch="False" />
            <line number="37" hits="2" branch="False" />
            <line number="38" hits="2" branch="False" />
            <line number="39" hits="3" branch="True" condition-coverage="100% (2/2)">
              <conditions>
                <condition number="39" type="jump" coverage="100%" />
              </conditions>
            </line>
            <line number="40" hits="1" branch="False" />
            <line number="41" hits="2" branch="False" />
            <line number="46" hits="2" branch="False" />
            <line number="48" hits="2" branch="False" />
            <line number="50" hits="2" branch="True" condition-coverage="50% (1/2)">
              <conditions>
                <condition number="19" type="jump" coverage="50%" />
              </conditions>
            </line>
            <line number="51" hits="2" branch="True" condition-coverage="75% (3/4)">
              <conditions>
                <condition number="37" type="jump" coverage="50%" />
                <condition number="57" type="jump" coverage="100%" />
              </conditions>
            </line>
            <line number="52" hits="1" branch="False" />
            <line number="53" hits="1" branch="False" />
            <line number="57" hits="1" branch="False" />
            <line number="58" hits="1" branch="True" condition-coverage="50% (1/2)">
              <conditions>
                <condition number="118" type="jump" coverage="50%" />
              </conditions>
            </line>
            <line number="61" hits="1" branch="True" condition-coverage="50% (1/2)">
              <conditions>
                <condition number="152" type="jump" coverage="50%" />
              </conditions>
            </line>
            <line number="64" hits="1" branch="False" />
            <line number="65" hits="1" branch="False" />
            <line number="66" hits="1" branch="False" />
            <line number="67" hits="1" branch="False" />
            <line number="68" hits="1" branch="False" />
            <line number="69" hits="1" branch="False" />
            <line number="70" hits="1" branch="False" />
            <line number="72" hits="1" branch="False" />
            <line number="74" hits="0" branch="False" />
            <line number="75" hits="0" branch="False" />
            <line number="76" hits="0" branch="False" />
            <line number="77" hits="0" branch="False" />
            <line number="79" hits="2" branch="False" />
            <line number="84" hits="1" branch="False" />
            <line number="86" hits="1" branch="False" />
            <line number="88" hits="1" branch="True" condition-coverage="50% (1/2)">
              <conditions>
                <condition number="25" type="jump" coverage="50%" />
              </conditions>
            </line>
            <line number="89" hits="1" branch="True" condition-coverage="50% (2/4)">
              <conditions>
                <condition number="43" type="jump" coverage="50%" />
                <condition number="63" type="jump" coverage="50%" />
              </conditions>
            </line>
            <line number="90" hits="0" branch="False" />
            <line number="91" hits="0" branch="False" />
            <line number="95" hits="1" branch="False" />
            <line number="96" hits="1" branch="True" condition-coverage="50% (1/2)">
              <conditions>
                <condition number="124" type="jump" coverage="50%" />
              </conditions>
            </line>
            <line number="99" hits="1" branch="False" />
            <line number="104" hits="1" branch="False" />
            <line number="105" hits="1" branch="False" />
            <line number="106" hits="1" branch="False" />
            <line number="108" hits="1" branch="False" />
            <line number="111" hits="1" branch="False" />
            <line number="112" hits="1" branch="True" condition-coverage="50% (1/2)">
              <conditions>
                <condition number="407" type="jump" coverage="50%" />
              </conditions>
            </line>
            <line number="113" hits="0" branch="False" />
            <line number="115" hits="0" branch="False" />
            <line number="116" hits="0" branch="False" />
            <line number="118" hits="1" branch="False" />
            <line number="119" hits="1" branch="False" />
            <line number="120" hits="1" branch="False" />
            <line number="121" hits="1" branch="False" />
            <line number="122" hits="1" branch="False" />
            <line number="123" hits="1" branch="False" />
            <line number="124" hits="1" branch="False" />
            <line number="126" hits="1" branch="False" />
            <line number="129" hits="1" branch="False" />
            <line number="131" hits="1" branch="False" />
            <line number="132" hits="1" branch="False" />
            <line number="133" hits="1" branch="False" />
            <line number="134" hits="1" branch="False" />
            <line number="135" hits="1" branch="False" />
            <line number="136" hits="1" branch="False" />
            <line number="138" hits="0" branch="False" />
            <line number="139" hits="0" branch="False" />
            <line number="140" hits="0" branch="False" />
            <line number="141" hits="0" branch="False" />
            <line number="143" hits="1" branch="False" />
            <line number="147" hits="1" branch="False" />
            <line number="149" hits="1" branch="False" />
            <line number="151" hits="1" branch="False" />
            <line number="152" hits="1" branch="False" />
            <line number="154" hits="1" branch="False" />
            <line number="155" hits="1" branch="False" />
            <line number="156" hits="1" branch="False" />
            <line number="157" hits="1" branch="False" />
            <line number="158" hits="1" branch="False" />
            <line number="160" hits="1" branch="False" />
            <line number="161" hits="1" branch="False" />
            <line number="164" hits="1" branch="False" />
            <line number="167" hits="1" branch="False" />
            <line number="168" hits="1" branch="False" />
            <line number="169" hits="1" branch="False" />
            <line number="170" hits="1" branch="False" />
            <line number="171" hits="1" branch="False" />
            <line number="172" hits="1" branch="False" />
            <line number="173" hits="1" branch="False" />
            <line number="174" hits="1" branch="False" />
            <line number="175" hits="1" branch="False" />
            <line number="176" hits="1" branch="False" />
            <line number="179" hits="1" branch="False" />
            <line number="181" hits="0" branch="False" />
            <line number="182" hits="0" branch="False" />
            <line number="183" hits="0" branch="False" />
            <line number="184" hits="0" branch="False" />
            <line number="186" hits="1" branch="False" />
            <line number="190" hits="0" branch="False" />
            <line number="192" hits="0" branch="False" />
            <line number="193" hits="0" branch="False" />
            <line number="196" hits="0" branch="False" />
            <line number="197" hits="0" branch="False" />
            <line number="199" hits="0" branch="False" />
            <line number="200" hits="0" branch="False" />
            <line number="201" hits="0" branch="False" />
            <line number="202" hits="0" branch="False" />
            <line number="203" hits="0" branch="False" />
            <line number="205" hits="0" branch="False" />
            <line number="206" hits="0" branch="False" />
            <line number="209" hits="0" branch="False" />
            <line number="212" hits="0" branch="False" />
            <line number="213" hits="0" branch="False" />
            <line number="214" hits="0" branch="False" />
            <line number="215" hits="0" branch="False" />
            <line number="216" hits="0" branch="False" />
            <line number="217" hits="0" branch="False" />
            <line number="218" hits="0" branch="False" />
            <line number="219" hits="0" branch="False" />
            <line number="220" hits="0" branch="False" />
            <line number="221" hits="0" branch="False" />
            <line number="222" hits="0" branch="False" />
            <line number="224" hits="0" branch="False" />
            <line number="226" hits="0" branch="False" />
            <line number="227" hits="0" branch="False" />
            <line number="228" hits="0" branch="False" />
            <line number="229" hits="0" branch="False" />
            <line number="231" hits="0" branch="False" />
            <line number="235" hits="1" branch="False" />
            <line number="237" hits="1" branch="False" />
            <line number="238" hits="1" branch="False" />
            <line number="239" hits="1" branch="False" />
            <line number="240" hits="1" branch="False" />
            <line number="241" hits="1" branch="False" />
            <line number="242" hits="1" branch="False" />
            <line number="243" hits="1" branch="False" />
            <line number="244" hits="1" branch="False" />
            <line number="248" hits="0" branch="False" />
            <line number="249" hits="0" branch="False" />
            <line number="250" hits="0" branch="False" />
            <line number="251" hits="0" branch="False" />
            <line number="253" hits="1" branch="False" />
            <line number="21" hits="6" branch="False" />
            <line number="23" hits="6" branch="False" />
            <line number="24" hits="6" branch="False" />
            <line number="25" hits="6" branch="False" />
            <line number="26" hits="6" branch="False" />
            <line number="27" hits="6" branch="False" />
          </lines>
        </class>
      </classes>
    </package>
  </packages>
</coverage>